<?xml version="1.0" encoding="UTF-8"?>
<!-- Generated by org.testng.reporters.JUnitReportReporter -->
<testsuite skipped="0" hostname="QA-Yatendra" name="com.iimjobs.qa.testcases.Createyourjobfeedtest" tests="3" failures="0" timestamp="25 Jan 2019 09:05:40 GMT" time="74.644" errors="0">
  <testcase name="VerifyCreateyourownjobfeedpage" time="15.164" classname="com.iimjobs.qa.testcases.Createyourjobfeedtest"/>
  <testcase name="verifyclikonITandsystemjobsandITmgmt" time="20.658" classname="com.iimjobs.qa.testcases.Createyourjobfeedtest"/>
  <testcase name="Verifyjobfeedfilter" time="38.822" classname="com.iimjobs.qa.testcases.Createyourjobfeedtest"/>
</testsuite> <!-- com.iimjobs.qa.testcases.Createyourjobfeedtest -->
